                                      1 ;--------------------------------------------------------
                                      2 ; File Created by SDCC : free open source ISO C Compiler 
                                      3 ; Version 4.3.0 #14184 (Linux)
                                      4 ;--------------------------------------------------------
                                      5 	.module ninja_girl
                                      6 	.optsdcc -mz80
                                      7 	
                                      8 ;--------------------------------------------------------
                                      9 ; Public variables in this module
                                     10 ;--------------------------------------------------------
                                     11 	.globl _ninja_girl
                                     12 	.globl _ninja_girlFrames
                                     13 	.globl _ninja_girlFrame1
                                     14 	.globl _ninja_girlFrame0
                                     15 	.globl _ninja_girlFrame1Sprites
                                     16 	.globl _ninja_girlFrame0Sprites
                                     17 	.globl _ninja_girlTileData
                                     18 ;--------------------------------------------------------
                                     19 ; special function registers
                                     20 ;--------------------------------------------------------
                                     21 ;--------------------------------------------------------
                                     22 ; ram data
                                     23 ;--------------------------------------------------------
                                     24 	.area _DATA
                                     25 ;--------------------------------------------------------
                                     26 ; ram data
                                     27 ;--------------------------------------------------------
                                     28 	.area _INITIALIZED
                                     29 ;--------------------------------------------------------
                                     30 ; absolute external ram data
                                     31 ;--------------------------------------------------------
                                     32 	.area _DABS (ABS)
                                     33 ;--------------------------------------------------------
                                     34 ; global & static initialisations
                                     35 ;--------------------------------------------------------
                                     36 	.area _HOME
                                     37 	.area _GSINIT
                                     38 	.area _GSFINAL
                                     39 	.area _GSINIT
                                     40 ;--------------------------------------------------------
                                     41 ; Home
                                     42 ;--------------------------------------------------------
                                     43 	.area _HOME
                                     44 	.area _HOME
                                     45 ;--------------------------------------------------------
                                     46 ; code
                                     47 ;--------------------------------------------------------
                                     48 	.area _CODE
                                     49 	.area _CODE
      000000                         50 _ninja_girlTileData:
      000000 60                      51 	.db #0x60	; 96
      000001 00                      52 	.db #0x00	; 0
      000002 00                      53 	.db #0x00	; 0
      000003 00                      54 	.db #0x00	; 0
      000004 97                      55 	.db #0x97	; 151
      000005 60                      56 	.db #0x60	; 96
      000006 60                      57 	.db #0x60	; 96
      000007 00                      58 	.db #0x00	; 0
      000008 68                      59 	.db #0x68	; 104	'h'
      000009 17                      60 	.db #0x17	; 23
      00000A 17                      61 	.db #0x17	; 23
      00000B 10                      62 	.db #0x10	; 16
      00000C B0                      63 	.db #0xb0	; 176
      00000D 46                      64 	.db #0x46	; 70	'F'
      00000E 4F                      65 	.db #0x4f	; 79	'O'
      00000F 29                      66 	.db #0x29	; 41
      000010 F0                      67 	.db #0xf0	; 240
      000011 09                      68 	.db #0x09	; 9
      000012 0F                      69 	.db #0x0f	; 15
      000013 46                      70 	.db #0x46	; 70	'F'
      000014 60                      71 	.db #0x60	; 96
      000015 1F                      72 	.db #0x1f	; 31
      000016 1F                      73 	.db #0x1f	; 31
      000017 00                      74 	.db #0x00	; 0
      000018 21                      75 	.db #0x21	; 33
      000019 1E                      76 	.db #0x1e	; 30
      00001A 1E                      77 	.db #0x1e	; 30
      00001B 00                      78 	.db #0x00	; 0
      00001C 47                      79 	.db #0x47	; 71	'G'
      00001D 39                      80 	.db #0x39	; 57	'9'
      00001E 39                      81 	.db #0x39	; 57	'9'
      00001F 03                      82 	.db #0x03	; 3
      000020 C0                      83 	.db #0xc0	; 192
      000021 00                      84 	.db #0x00	; 0
      000022 00                      85 	.db #0x00	; 0
      000023 00                      86 	.db #0x00	; 0
      000024 30                      87 	.db #0x30	; 48	'0'
      000025 C0                      88 	.db #0xc0	; 192
      000026 C0                      89 	.db #0xc0	; 192
      000027 00                      90 	.db #0x00	; 0
      000028 08                      91 	.db #0x08	; 8
      000029 60                      92 	.db #0x60	; 96
      00002A F0                      93 	.db #0xf0	; 240
      00002B 90                      94 	.db #0x90	; 144
      00002C 04                      95 	.db #0x04	; 4
      00002D 98                      96 	.db #0x98	; 152
      00002E F8                      97 	.db #0xf8	; 248
      00002F 60                      98 	.db #0x60	; 96
      000030 04                      99 	.db #0x04	; 4
      000031 F8                     100 	.db #0xf8	; 248
      000032 F8                     101 	.db #0xf8	; 248
      000033 00                     102 	.db #0x00	; 0
      000034 B4                     103 	.db #0xb4	; 180
      000035 48                     104 	.db #0x48	; 72	'H'
      000036 48                     105 	.db #0x48	; 72	'H'
      000037 00                     106 	.db #0x00	; 0
      000038 28                     107 	.db #0x28	; 40
      000039 20                     108 	.db #0x20	; 32
      00003A 60                     109 	.db #0x60	; 96
      00003B F0                     110 	.db #0xf0	; 240
      00003C 00                     111 	.db #0x00	; 0
      00003D 00                     112 	.db #0x00	; 0
      00003E 00                     113 	.db #0x00	; 0
      00003F 00                     114 	.db #0x00	; 0
      000040 49                     115 	.db #0x49	; 73	'I'
      000041 33                     116 	.db #0x33	; 51	'3'
      000042 37                     117 	.db #0x37	; 55	'7'
      000043 05                     118 	.db #0x05	; 5
      000044 88                     119 	.db #0x88	; 136
      000045 72                     120 	.db #0x72	; 114	'r'
      000046 77                     121 	.db #0x77	; 119	'w'
      000047 05                     122 	.db #0x05	; 5
      000048 C4                     123 	.db #0xc4	; 196
      000049 3A                     124 	.db #0x3a	; 58
      00004A 3B                     125 	.db #0x3b	; 59
      00004B 41                     126 	.db #0x41	; 65	'A'
      00004C 74                     127 	.db #0x74	; 116	't'
      00004D 0A                     128 	.db #0x0a	; 10
      00004E 0B                     129 	.db #0x0b	; 11
      00004F 31                     130 	.db #0x31	; 49	'1'
      000050 30                     131 	.db #0x30	; 48	'0'
      000051 0E                     132 	.db #0x0e	; 14
      000052 03                     133 	.db #0x03	; 3
      000053 01                     134 	.db #0x01	; 1
      000054 04                     135 	.db #0x04	; 4
      000055 14                     136 	.db #0x14	; 20
      000056 05                     137 	.db #0x05	; 5
      000057 0F                     138 	.db #0x0f	; 15
      000058 0E                     139 	.db #0x0e	; 14
      000059 22                     140 	.db #0x22	; 34
      00005A 0E                     141 	.db #0x0e	; 14
      00005B 1F                     142 	.db #0x1f	; 31
      00005C 1F                     143 	.db #0x1f	; 31
      00005D 41                     144 	.db #0x41	; 65	'A'
      00005E 1F                     145 	.db #0x1f	; 31
      00005F 3F                     146 	.db #0x3f	; 63
      000060 28                     147 	.db #0x28	; 40
      000061 B0                     148 	.db #0xb0	; 176
      000062 60                     149 	.db #0x60	; 96
      000063 60                     150 	.db #0x60	; 96
      000064 18                     151 	.db #0x18	; 24
      000065 00                     152 	.db #0x00	; 0
      000066 E0                     153 	.db #0xe0	; 224
      000067 F0                     154 	.db #0xf0	; 240
      000068 14                     155 	.db #0x14	; 20
      000069 C8                     156 	.db #0xc8	; 200
      00006A E8                     157 	.db #0xe8	; 232
      00006B 30                     158 	.db #0x30	; 48	'0'
      00006C 34                     159 	.db #0x34	; 52	'4'
      00006D 08                     160 	.db #0x08	; 8
      00006E C8                     161 	.db #0xc8	; 200
      00006F E0                     162 	.db #0xe0	; 224
      000070 C8                     163 	.db #0xc8	; 200
      000071 30                     164 	.db #0x30	; 48	'0'
      000072 20                     165 	.db #0x20	; 32
      000073 C0                     166 	.db #0xc0	; 192
      000074 70                     167 	.db #0x70	; 112	'p'
      000075 00                     168 	.db #0x00	; 0
      000076 C0                     169 	.db #0xc0	; 192
      000077 C0                     170 	.db #0xc0	; 192
      000078 48                     171 	.db #0x48	; 72	'H'
      000079 00                     172 	.db #0x00	; 0
      00007A 30                     173 	.db #0x30	; 48	'0'
      00007B B0                     174 	.db #0xb0	; 176
      00007C 4C                     175 	.db #0x4c	; 76	'L'
      00007D 04                     176 	.db #0x04	; 4
      00007E 30                     177 	.db #0x30	; 48	'0'
      00007F B0                     178 	.db #0xb0	; 176
      000080 17                     179 	.db #0x17	; 23
      000081 40                     180 	.db #0x40	; 64
      000082 11                     181 	.db #0x11	; 17
      000083 39                     182 	.db #0x39	; 57	'9'
      000084 39                     183 	.db #0x39	; 57	'9'
      000085 80                     184 	.db #0x80	; 128
      000086 36                     185 	.db #0x36	; 54	'6'
      000087 76                     186 	.db #0x76	; 118	'v'
      000088 39                     187 	.db #0x39	; 57	'9'
      000089 90                     188 	.db #0x90	; 144
      00008A 26                     189 	.db #0x26	; 38
      00008B 66                     190 	.db #0x66	; 102	'f'
      00008C 3E                     191 	.db #0x3e	; 62
      00008D 79                     192 	.db #0x79	; 121	'y'
      00008E 19                     193 	.db #0x19	; 25
      00008F 18                     194 	.db #0x18	; 24
      000090 7C                     195 	.db #0x7c	; 124
      000091 7F                     196 	.db #0x7f	; 127
      000092 33                     197 	.db #0x33	; 51	'3'
      000093 30                     198 	.db #0x30	; 48	'0'
      000094 F3                     199 	.db #0xf3	; 243
      000095 F1                     200 	.db #0xf1	; 241
      000096 43                     201 	.db #0x43	; 67	'C'
      000097 4F                     202 	.db #0x4f	; 79	'O'
      000098 47                     203 	.db #0x47	; 71	'G'
      000099 49                     204 	.db #0x49	; 73	'I'
      00009A 07                     205 	.db #0x07	; 7
      00009B 07                     206 	.db #0x07	; 7
      00009C 00                     207 	.db #0x00	; 0
      00009D 08                     208 	.db #0x08	; 8
      00009E 00                     209 	.db #0x00	; 0
      00009F 07                     210 	.db #0x07	; 7
      0000A0 BE                     211 	.db #0xbe	; 190
      0000A1 8E                     212 	.db #0x8e	; 142
      0000A2 8C                     213 	.db #0x8c	; 140
      0000A3 CC                     214 	.db #0xcc	; 204
      0000A4 9F                     215 	.db #0x9f	; 159
      0000A5 9F                     216 	.db #0x9f	; 159
      0000A6 86                     217 	.db #0x86	; 134
      0000A7 E6                     218 	.db #0xe6	; 230
      0000A8 A7                     219 	.db #0xa7	; 167
      0000A9 97                     220 	.db #0x97	; 151
      0000AA A1                     221 	.db #0xa1	; 161
      0000AB E1                     222 	.db #0xe1	; 225
      0000AC 21                     223 	.db #0x21	; 33
      0000AD C1                     224 	.db #0xc1	; 193
      0000AE C0                     225 	.db #0xc0	; 192
      0000AF 20                     226 	.db #0x20	; 32
      0000B0 20                     227 	.db #0x20	; 32
      0000B1 C0                     228 	.db #0xc0	; 192
      0000B2 C0                     229 	.db #0xc0	; 192
      0000B3 20                     230 	.db #0x20	; 32
      0000B4 40                     231 	.db #0x40	; 64
      0000B5 20                     232 	.db #0x20	; 32
      0000B6 40                     233 	.db #0x40	; 64
      0000B7 C0                     234 	.db #0xc0	; 192
      0000B8 00                     235 	.db #0x00	; 0
      0000B9 20                     236 	.db #0x20	; 32
      0000BA 00                     237 	.db #0x00	; 0
      0000BB C0                     238 	.db #0xc0	; 192
      0000BC 00                     239 	.db #0x00	; 0
      0000BD 40                     240 	.db #0x40	; 64
      0000BE 00                     241 	.db #0x00	; 0
      0000BF 80                     242 	.db #0x80	; 128
      0000C0 80                     243 	.db #0x80	; 128
      0000C1 80                     244 	.db #0x80	; 128
      0000C2 00                     245 	.db #0x00	; 0
      0000C3 00                     246 	.db #0x00	; 0
      0000C4 00                     247 	.db #0x00	; 0
      0000C5 00                     248 	.db #0x00	; 0
      0000C6 00                     249 	.db #0x00	; 0
      0000C7 00                     250 	.db #0x00	; 0
      0000C8 00                     251 	.db #0x00	; 0
      0000C9 00                     252 	.db #0x00	; 0
      0000CA 00                     253 	.db #0x00	; 0
      0000CB 00                     254 	.db #0x00	; 0
      0000CC 00                     255 	.db #0x00	; 0
      0000CD 00                     256 	.db #0x00	; 0
      0000CE 00                     257 	.db #0x00	; 0
      0000CF 00                     258 	.db #0x00	; 0
      0000D0 00                     259 	.db #0x00	; 0
      0000D1 00                     260 	.db #0x00	; 0
      0000D2 00                     261 	.db #0x00	; 0
      0000D3 00                     262 	.db #0x00	; 0
      0000D4 00                     263 	.db #0x00	; 0
      0000D5 00                     264 	.db #0x00	; 0
      0000D6 00                     265 	.db #0x00	; 0
      0000D7 00                     266 	.db #0x00	; 0
      0000D8 00                     267 	.db #0x00	; 0
      0000D9 00                     268 	.db #0x00	; 0
      0000DA 00                     269 	.db #0x00	; 0
      0000DB 00                     270 	.db #0x00	; 0
      0000DC 00                     271 	.db #0x00	; 0
      0000DD 00                     272 	.db #0x00	; 0
      0000DE 00                     273 	.db #0x00	; 0
      0000DF 00                     274 	.db #0x00	; 0
      0000E0 0C                     275 	.db #0x0c	; 12
      0000E1 33                     276 	.db #0x33	; 51	'3'
      0000E2 02                     277 	.db #0x02	; 2
      0000E3 0C                     278 	.db #0x0c	; 12
      0000E4 32                     279 	.db #0x32	; 50	'2'
      0000E5 40                     280 	.db #0x40	; 64
      0000E6 2C                     281 	.db #0x2c	; 44
      0000E7 3E                     282 	.db #0x3e	; 62
      0000E8 72                     283 	.db #0x72	; 114	'r'
      0000E9 A0                     284 	.db #0xa0	; 160
      0000EA 6C                     285 	.db #0x6c	; 108	'l'
      0000EB 7E                     286 	.db #0x7e	; 126
      0000EC 59                     287 	.db #0x59	; 89	'Y'
      0000ED AE                     288 	.db #0xae	; 174
      0000EE 5E                     289 	.db #0x5e	; 94
      0000EF 58                     290 	.db #0x58	; 88	'X'
      0000F0 08                     291 	.db #0x08	; 8
      0000F1 A7                     292 	.db #0xa7	; 167
      0000F2 07                     293 	.db #0x07	; 7
      0000F3 5C                     294 	.db #0x5c	; 92
      0000F4 07                     295 	.db #0x07	; 7
      0000F5 67                     296 	.db #0x67	; 103	'g'
      0000F6 07                     297 	.db #0x07	; 7
      0000F7 1F                     298 	.db #0x1f	; 31
      0000F8 00                     299 	.db #0x00	; 0
      0000F9 30                     300 	.db #0x30	; 48	'0'
      0000FA 00                     301 	.db #0x00	; 0
      0000FB 0F                     302 	.db #0x0f	; 15
      0000FC 00                     303 	.db #0x00	; 0
      0000FD 00                     304 	.db #0x00	; 0
      0000FE 00                     305 	.db #0x00	; 0
      0000FF 00                     306 	.db #0x00	; 0
      000100 80                     307 	.db #0x80	; 128
      000101 00                     308 	.db #0x00	; 0
      000102 00                     309 	.db #0x00	; 0
      000103 00                     310 	.db #0x00	; 0
      000104 C0                     311 	.db #0xc0	; 192
      000105 80                     312 	.db #0x80	; 128
      000106 C0                     313 	.db #0xc0	; 192
      000107 C0                     314 	.db #0xc0	; 192
      000108 00                     315 	.db #0x00	; 0
      000109 40                     316 	.db #0x40	; 64
      00010A 00                     317 	.db #0x00	; 0
      00010B 80                     318 	.db #0x80	; 128
      00010C 00                     319 	.db #0x00	; 0
      00010D 00                     320 	.db #0x00	; 0
      00010E 00                     321 	.db #0x00	; 0
      00010F 00                     322 	.db #0x00	; 0
      000110 00                     323 	.db #0x00	; 0
      000111 00                     324 	.db #0x00	; 0
      000112 00                     325 	.db #0x00	; 0
      000113 00                     326 	.db #0x00	; 0
      000114 00                     327 	.db #0x00	; 0
      000115 00                     328 	.db #0x00	; 0
      000116 00                     329 	.db #0x00	; 0
      000117 00                     330 	.db #0x00	; 0
      000118 00                     331 	.db #0x00	; 0
      000119 00                     332 	.db #0x00	; 0
      00011A 00                     333 	.db #0x00	; 0
      00011B 00                     334 	.db #0x00	; 0
      00011C 00                     335 	.db #0x00	; 0
      00011D 00                     336 	.db #0x00	; 0
      00011E 00                     337 	.db #0x00	; 0
      00011F 00                     338 	.db #0x00	; 0
      000120 A8                     339 	.db #0xa8	; 168
      000121 30                     340 	.db #0x30	; 48	'0'
      000122 60                     341 	.db #0x60	; 96
      000123 60                     342 	.db #0x60	; 96
      000124 18                     343 	.db #0x18	; 24
      000125 00                     344 	.db #0x00	; 0
      000126 E0                     345 	.db #0xe0	; 224
      000127 F0                     346 	.db #0xf0	; 240
      000128 14                     347 	.db #0x14	; 20
      000129 C8                     348 	.db #0xc8	; 200
      00012A E8                     349 	.db #0xe8	; 232
      00012B 30                     350 	.db #0x30	; 48	'0'
      00012C 34                     351 	.db #0x34	; 52	'4'
      00012D 08                     352 	.db #0x08	; 8
      00012E C8                     353 	.db #0xc8	; 200
      00012F E0                     354 	.db #0xe0	; 224
      000130 C8                     355 	.db #0xc8	; 200
      000131 30                     356 	.db #0x30	; 48	'0'
      000132 20                     357 	.db #0x20	; 32
      000133 C0                     358 	.db #0xc0	; 192
      000134 70                     359 	.db #0x70	; 112	'p'
      000135 00                     360 	.db #0x00	; 0
      000136 C0                     361 	.db #0xc0	; 192
      000137 C0                     362 	.db #0xc0	; 192
      000138 48                     363 	.db #0x48	; 72	'H'
      000139 00                     364 	.db #0x00	; 0
      00013A 30                     365 	.db #0x30	; 48	'0'
      00013B B0                     366 	.db #0xb0	; 176
      00013C 4C                     367 	.db #0x4c	; 76	'L'
      00013D 04                     368 	.db #0x04	; 4
      00013E 30                     369 	.db #0x30	; 48	'0'
      00013F B0                     370 	.db #0xb0	; 176
      000140 0B                     371 	.db #0x0b	; 11
      000141 20                     372 	.db #0x20	; 32
      000142 08                     373 	.db #0x08	; 8
      000143 1C                     374 	.db #0x1c	; 28
      000144 1C                     375 	.db #0x1c	; 28
      000145 40                     376 	.db #0x40	; 64
      000146 1B                     377 	.db #0x1b	; 27
      000147 3B                     378 	.db #0x3b	; 59
      000148 1C                     379 	.db #0x1c	; 28
      000149 48                     380 	.db #0x48	; 72	'H'
      00014A 13                     381 	.db #0x13	; 19
      00014B 33                     382 	.db #0x33	; 51	'3'
      00014C 1F                     383 	.db #0x1f	; 31
      00014D 3C                     384 	.db #0x3c	; 60
      00014E 0C                     385 	.db #0x0c	; 12
      00014F 0C                     386 	.db #0x0c	; 12
      000150 3E                     387 	.db #0x3e	; 62
      000151 3F                     388 	.db #0x3f	; 63
      000152 19                     389 	.db #0x19	; 25
      000153 18                     390 	.db #0x18	; 24
      000154 79                     391 	.db #0x79	; 121	'y'
      000155 78                     392 	.db #0x78	; 120	'x'
      000156 21                     393 	.db #0x21	; 33
      000157 27                     394 	.db #0x27	; 39
      000158 3B                     395 	.db #0x3b	; 59
      000159 64                     396 	.db #0x64	; 100	'd'
      00015A 03                     397 	.db #0x03	; 3
      00015B 03                     398 	.db #0x03	; 3
      00015C 08                     399 	.db #0x08	; 8
      00015D 90                     400 	.db #0x90	; 144
      00015E 00                     401 	.db #0x00	; 0
      00015F 6F                     402 	.db #0x6f	; 111	'o'
      000160 DF                     403 	.db #0xdf	; 223
      000161 47                     404 	.db #0x47	; 71	'G'
      000162 C6                     405 	.db #0xc6	; 198
      000163 E6                     406 	.db #0xe6	; 230
      000164 CF                     407 	.db #0xcf	; 207
      000165 4F                     408 	.db #0x4f	; 79	'O'
      000166 43                     409 	.db #0x43	; 67	'C'
      000167 73                     410 	.db #0x73	; 115	's'
      000168 D3                     411 	.db #0xd3	; 211
      000169 4B                     412 	.db #0x4b	; 75	'K'
      00016A 50                     413 	.db #0x50	; 80	'P'
      00016B 70                     414 	.db #0x70	; 112	'p'
      00016C 10                     415 	.db #0x10	; 16
      00016D E0                     416 	.db #0xe0	; 224
      00016E E0                     417 	.db #0xe0	; 224
      00016F 10                     418 	.db #0x10	; 16
      000170 10                     419 	.db #0x10	; 16
      000171 E0                     420 	.db #0xe0	; 224
      000172 E0                     421 	.db #0xe0	; 224
      000173 10                     422 	.db #0x10	; 16
      000174 D0                     423 	.db #0xd0	; 208
      000175 48                     424 	.db #0x48	; 72	'H'
      000176 D0                     425 	.db #0xd0	; 208
      000177 F0                     426 	.db #0xf0	; 240
      000178 C1                     427 	.db #0xc1	; 193
      000179 48                     428 	.db #0x48	; 72	'H'
      00017A C0                     429 	.db #0xc0	; 192
      00017B F0                     430 	.db #0xf0	; 240
      00017C B6                     431 	.db #0xb6	; 182
      00017D 01                     432 	.db #0x01	; 1
      00017E 81                     433 	.db #0x81	; 129
      00017F F8                     434 	.db #0xf8	; 248
      000180 80                     435 	.db #0x80	; 128
      000181 80                     436 	.db #0x80	; 128
      000182 00                     437 	.db #0x00	; 0
      000183 00                     438 	.db #0x00	; 0
      000184 C0                     439 	.db #0xc0	; 192
      000185 C0                     440 	.db #0xc0	; 192
      000186 80                     441 	.db #0x80	; 128
      000187 80                     442 	.db #0x80	; 128
      000188 80                     443 	.db #0x80	; 128
      000189 80                     444 	.db #0x80	; 128
      00018A 00                     445 	.db #0x00	; 0
      00018B 00                     446 	.db #0x00	; 0
      00018C 00                     447 	.db #0x00	; 0
      00018D 00                     448 	.db #0x00	; 0
      00018E 00                     449 	.db #0x00	; 0
      00018F 00                     450 	.db #0x00	; 0
      000190 00                     451 	.db #0x00	; 0
      000191 00                     452 	.db #0x00	; 0
      000192 00                     453 	.db #0x00	; 0
      000193 00                     454 	.db #0x00	; 0
      000194 80                     455 	.db #0x80	; 128
      000195 00                     456 	.db #0x00	; 0
      000196 80                     457 	.db #0x80	; 128
      000197 80                     458 	.db #0x80	; 128
      000198 80                     459 	.db #0x80	; 128
      000199 C0                     460 	.db #0xc0	; 192
      00019A 80                     461 	.db #0x80	; 128
      00019B 80                     462 	.db #0x80	; 128
      00019C 00                     463 	.db #0x00	; 0
      00019D 00                     464 	.db #0x00	; 0
      00019E 00                     465 	.db #0x00	; 0
      00019F 00                     466 	.db #0x00	; 0
      0001A0 18                     467 	.db #0x18	; 24
      0001A1 41                     468 	.db #0x41	; 65	'A'
      0001A2 0C                     469 	.db #0x0c	; 12
      0001A3 3E                     470 	.db #0x3e	; 62
      0001A4 0A                     471 	.db #0x0a	; 10
      0001A5 99                     472 	.db #0x99	; 153
      0001A6 1C                     473 	.db #0x1c	; 28
      0001A7 7E                     474 	.db #0x7e	; 126
      0001A8 34                     475 	.db #0x34	; 52	'4'
      0001A9 B2                     476 	.db #0xb2	; 178
      0001AA 38                     477 	.db #0x38	; 56	'8'
      0001AB 7C                     478 	.db #0x7c	; 124
      0001AC 28                     479 	.db #0x28	; 40
      0001AD B0                     480 	.db #0xb0	; 176
      0001AE 30                     481 	.db #0x30	; 48	'0'
      0001AF 68                     482 	.db #0x68	; 104	'h'
      0001B0 50                     483 	.db #0x50	; 80	'P'
      0001B1 E0                     484 	.db #0xe0	; 224
      0001B2 60                     485 	.db #0x60	; 96
      0001B3 40                     486 	.db #0x40	; 64
      0001B4 60                     487 	.db #0x60	; 96
      0001B5 00                     488 	.db #0x00	; 0
      0001B6 40                     489 	.db #0x40	; 64
      0001B7 40                     490 	.db #0x40	; 64
      0001B8 00                     491 	.db #0x00	; 0
      0001B9 00                     492 	.db #0x00	; 0
      0001BA 00                     493 	.db #0x00	; 0
      0001BB 00                     494 	.db #0x00	; 0
      0001BC 00                     495 	.db #0x00	; 0
      0001BD 00                     496 	.db #0x00	; 0
      0001BE 00                     497 	.db #0x00	; 0
      0001BF 00                     498 	.db #0x00	; 0
      0001C0 26                     499 	.db #0x26	; 38
      0001C1 81                     500 	.db #0x81	; 129
      0001C2 19                     501 	.db #0x19	; 25
      0001C3 7E                     502 	.db #0x7e	; 126
      0001C4 21                     503 	.db #0x21	; 33
      0001C5 41                     504 	.db #0x41	; 65	'A'
      0001C6 1F                     505 	.db #0x1f	; 31
      0001C7 3F                     506 	.db #0x3f	; 63
      0001C8 1A                     507 	.db #0x1a	; 26
      0001C9 03                     508 	.db #0x03	; 3
      0001CA 07                     509 	.db #0x07	; 7
      0001CB 1F                     510 	.db #0x1f	; 31
      0001CC 07                     511 	.db #0x07	; 7
      0001CD 00                     512 	.db #0x00	; 0
      0001CE 02                     513 	.db #0x02	; 2
      0001CF 07                     514 	.db #0x07	; 7
      0001D0 00                     515 	.db #0x00	; 0
      0001D1 02                     516 	.db #0x02	; 2
      0001D2 00                     517 	.db #0x00	; 0
      0001D3 01                     518 	.db #0x01	; 1
      0001D4 00                     519 	.db #0x00	; 0
      0001D5 01                     520 	.db #0x01	; 1
      0001D6 00                     521 	.db #0x00	; 0
      0001D7 00                     522 	.db #0x00	; 0
      0001D8 00                     523 	.db #0x00	; 0
      0001D9 00                     524 	.db #0x00	; 0
      0001DA 00                     525 	.db #0x00	; 0
      0001DB 00                     526 	.db #0x00	; 0
      0001DC 00                     527 	.db #0x00	; 0
      0001DD 00                     528 	.db #0x00	; 0
      0001DE 00                     529 	.db #0x00	; 0
      0001DF 00                     530 	.db #0x00	; 0
      0001E0 80                     531 	.db #0x80	; 128
      0001E1 A0                     532 	.db #0xa0	; 160
      0001E2 80                     533 	.db #0x80	; 128
      0001E3 C0                     534 	.db #0xc0	; 192
      0001E4 80                     535 	.db #0x80	; 128
      0001E5 A0                     536 	.db #0xa0	; 160
      0001E6 80                     537 	.db #0x80	; 128
      0001E7 C0                     538 	.db #0xc0	; 192
      0001E8 00                     539 	.db #0x00	; 0
      0001E9 20                     540 	.db #0x20	; 32
      0001EA 00                     541 	.db #0x00	; 0
      0001EB C0                     542 	.db #0xc0	; 192
      0001EC 00                     543 	.db #0x00	; 0
      0001ED 40                     544 	.db #0x40	; 64
      0001EE 00                     545 	.db #0x00	; 0
      0001EF 80                     546 	.db #0x80	; 128
      0001F0 00                     547 	.db #0x00	; 0
      0001F1 40                     548 	.db #0x40	; 64
      0001F2 00                     549 	.db #0x00	; 0
      0001F3 80                     550 	.db #0x80	; 128
      0001F4 00                     551 	.db #0x00	; 0
      0001F5 80                     552 	.db #0x80	; 128
      0001F6 00                     553 	.db #0x00	; 0
      0001F7 00                     554 	.db #0x00	; 0
      0001F8 00                     555 	.db #0x00	; 0
      0001F9 00                     556 	.db #0x00	; 0
      0001FA 00                     557 	.db #0x00	; 0
      0001FB 00                     558 	.db #0x00	; 0
      0001FC 00                     559 	.db #0x00	; 0
      0001FD 00                     560 	.db #0x00	; 0
      0001FE 00                     561 	.db #0x00	; 0
      0001FF 00                     562 	.db #0x00	; 0
      000200                        563 _ninja_girlFrame0Sprites:
      000200 04                     564 	.db #0x04	; 4
      000201 01                     565 	.db #0x01	; 1
      000202 00                     566 	.db #0x00	; 0
      000203 0C                     567 	.db #0x0c	; 12
      000204 02                     568 	.db #0x02	; 2
      000205 01                     569 	.db #0x01	; 1
      000206 04                     570 	.db #0x04	; 4
      000207 09                     571 	.db #0x09	; 9
      000208 02                     572 	.db #0x02	; 2
      000209 0C                     573 	.db #0x0c	; 12
      00020A 09                     574 	.db #0x09	; 9
      00020B 03                     575 	.db #0x03	; 3
      00020C 04                     576 	.db #0x04	; 4
      00020D 11                     577 	.db #0x11	; 17
      00020E 04                     578 	.db #0x04	; 4
      00020F 0C                     579 	.db #0x0c	; 12
      000210 11                     580 	.db #0x11	; 17
      000211 05                     581 	.db #0x05	; 5
      000212 14                     582 	.db #0x14	; 20
      000213 13                     583 	.db #0x13	; 19
      000214 06                     584 	.db #0x06	; 6
      000215 05                     585 	.db #0x05	; 5
      000216 19                     586 	.db #0x19	; 25
      000217 07                     587 	.db #0x07	; 7
      000218 0D                     588 	.db #0x0d	; 13
      000219 1D                     589 	.db #0x1d	; 29
      00021A 08                     590 	.db #0x08	; 8
      00021B                        591 _ninja_girlFrame1Sprites:
      00021B 04                     592 	.db #0x04	; 4
      00021C 00                     593 	.db #0x00	; 0
      00021D 00                     594 	.db #0x00	; 0
      00021E 0C                     595 	.db #0x0c	; 12
      00021F 01                     596 	.db #0x01	; 1
      000220 01                     597 	.db #0x01	; 1
      000221 04                     598 	.db #0x04	; 4
      000222 08                     599 	.db #0x08	; 8
      000223 02                     600 	.db #0x02	; 2
      000224 0C                     601 	.db #0x0c	; 12
      000225 08                     602 	.db #0x08	; 8
      000226 09                     603 	.db #0x09	; 9
      000227 03                     604 	.db #0x03	; 3
      000228 10                     605 	.db #0x10	; 16
      000229 0A                     606 	.db #0x0a	; 10
      00022A 0B                     607 	.db #0x0b	; 11
      00022B 10                     608 	.db #0x10	; 16
      00022C 0B                     609 	.db #0x0b	; 11
      00022D 13                     610 	.db #0x13	; 19
      00022E 11                     611 	.db #0x11	; 17
      00022F 0C                     612 	.db #0x0c	; 12
      000230 02                     613 	.db #0x02	; 2
      000231 18                     614 	.db #0x18	; 24
      000232 0D                     615 	.db #0x0d	; 13
      000233 0A                     616 	.db #0x0a	; 10
      000234 18                     617 	.db #0x18	; 24
      000235 0E                     618 	.db #0x0e	; 14
      000236 12                     619 	.db #0x12	; 18
      000237 18                     620 	.db #0x18	; 24
      000238 0F                     621 	.db #0x0f	; 15
      000239                        622 _ninja_girlFrame0:
      000239r00r02                  623 	.dw _ninja_girlFrame0Sprites
      00023B 09                     624 	.db #0x09	; 9
      00023C 08                     625 	.db #0x08	; 8
      00023D                        626 _ninja_girlFrame1:
      00023Dr1Br02                  627 	.dw _ninja_girlFrame1Sprites
      00023F 0A                     628 	.db #0x0a	; 10
      000240 08                     629 	.db #0x08	; 8
      000241                        630 _ninja_girlFrames:
      000241r39r02                  631 	.dw _ninja_girlFrame0
      000243r3Dr02                  632 	.dw _ninja_girlFrame1
      000245                        633 _ninja_girl:
      000245r41r02                  634 	.dw _ninja_girlFrames
      000247r00r00                  635 	.dw _ninja_girlTileData
      000249 02                     636 	.db #0x02	; 2
      00024A 18                     637 	.db #0x18	; 24
      00024B 20                     638 	.db #0x20	; 32
      00024C 10                     639 	.db #0x10	; 16
      00024D 10                     640 	.db #0x10	; 16
      00024E 00 00                  641 	.dw #0x0000
                                    642 	.area _INITIALIZER
                                    643 	.area _CABS (ABS)
